WARNING: A restricted method in java.lang.System has been called
WARNING: java.lang.System::load has been called by net.rubygrapefruit.platform.internal.NativeLibraryLoader in an unnamed module (file:/C:/Users/User/.gradle/wrapper/dists/gradle-7.6.2-bin/6ot4hgy1mty27tup86cmng5lx/gradle-7.6.2/lib/native-platform-0.22-milestone-24.jar)
WARNING: Use --enable-native-access=ALL-UNNAMED to avoid a warning for callers in this module
WARNING: Restricted methods will be blocked in a future release unless native access is enabled


FAILURE: Build failed with an exception.

* What went wrong:
A problem occurred configuring root project 'ip'.
> Could not open cp_proj generic class cache for build file 'C:\Users\User\CS2103T-IP\ip\build.gradle' (C:\Users\User\.gradle\caches\7.6.2\scripts\cud2gph7qm5uzo3g2iuo3pidv).
   > BUG! exception in phase 'semantic analysis' in source unit '_BuildScript_' Unsupported class file major version 69

* Try:
> Run with --stacktrace option to get the stack trace.
> Run with --info or --debug option to get more log output.
> Run with --scan to get full insights.

* Get more help at https://help.gradle.org

BUILD FAILED in 1s
