> Task :compileJava UP-TO-DATE
> Task :processResources UP-TO-DATE
> Task :classes UP-TO-DATE
> Task :compileTestJava UP-TO-DATE
> Task :processTestResources NO-SOURCE
> Task :testClasses UP-TO-DATE

> Task :test FAILED

DeleteCommandTest > execute_validIndex_success() PASSED

DeleteCommandTest > execute_invalidIndex_throwsException() FAILED
    org.opentest4j.AssertionFailedError: Unexpected exception type thrown, expected: <java.lang.IndexOutOfBoundsException> but was: <ak.exception.AkException>
        at app//org.junit.jupiter.api.AssertionFailureBuilder.build(AssertionFailureBuilder.java:151)
        at app//org.junit.jupiter.api.AssertThrows.assertThrows(AssertThrows.java:67)
        at app//org.junit.jupiter.api.AssertThrows.assertThrows(AssertThrows.java:35)
        at app//org.junit.jupiter.api.Assertions.assertThrows(Assertions.java:3111)
        at app//ak.command.DeleteCommandTest.execute_invalidIndex_throwsException(DeleteCommandTest.java:51)

        Caused by:
        ak.exception.AkException: Task number is out of range.
            at app//ak.command.DeleteCommand.execute(DeleteCommand.java:33)
            at app//ak.command.DeleteCommandTest.lambda$execute_invalidIndex_throwsException$0(DeleteCommandTest.java:51)
            at app//org.junit.jupiter.api.AssertThrows.assertThrows(AssertThrows.java:53)
            ... 3 more

AddCommandTest > execute_duplicateTask_showsError() PASSED

AddContactCommandTest > execute_duplicateContact_showsError() PASSED

ContactCommandTest > execute_editContact_success() PASSED

ContactCommandTest > execute_deleteContact_success() PASSED

ContactCommandTest > execute_listContact_success() PASSED

FindCommandTest > execute_keywordFound_showsResults() PASSED

MarkCommandTest > execute_validIndex_success() PASSED

UnmarkCommandTest > execute_validIndex_success() PASSED

ContactListTest > delete_deleteContact_success() PASSED

ContactListTest > add_addContact_success() PASSED

ContactTest > testToFileString() PASSED

ContactTest > testStringConversion() PASSED

ParserTest > parse_markCommand_success() PASSED

ParserTest > parse_findCommand_success() PASSED

ParserTest > parse_deleteCommand_success() PASSED

ParserTest > parse_contactCommands_success() PASSED

ParserTest > parse_exitCommand_success() PASSED

ParserTest > parse_unknownCommand_exception() PASSED

ParserTest > parse_todoCommand_success() PASSED

ParserTest > parse_listCommand_success() PASSED

ParserTest > parse_unmarkCommand_success() PASSED

ParserTest > parse_emptyCommand_exception() PASSED

ParserTest > parse_deadlineCommand_success() PASSED

ParserTest > parse_missingArguments_throwsException() PASSED

StorageTest > saveAndLoad_validTasks_success() PASSED

StorageTest > load_corruptData_skipsCorruptLines() PASSED

StorageTest > load_nonExistentFile_returnsEmptyList() PASSED

DeadlineTest > toString_validDate_success() PASSED

DeadlineTest > toFileString_validDate_success() PASSED

EventTest > constructor_startAfterEnd_throwsException() PASSED

EventTest > constructor_validDates_success() PASSED

EventTest > constructor_invalidDates_throwsException() PASSED

TaskListTest > find_nonMatchingKeyword_returnsEmpty() PASSED

TaskListTest > find_keyword_returnsMatchingTasks() PASSED

TodoTest > toFileString_valid_success() PASSED

TodoTest > toString_valid_success() PASSED

38 tests completed, 1 failed

FAILURE: Build failed with an exception.

* What went wrong:
Execution failed for task ':test'.
> There were failing tests. See the report at: file:///C:/Users/User/CS2103T-IP/ip/build/reports/tests/test/index.html

* Try:
> Run with --stacktrace option to get the stack trace.
> Run with --info or --debug option to get more log output.
> Run with --scan to get full insights.

* Get more help at https://help.gradle.org

Deprecated Gradle features were used in this build, making it incompatible with Gradle 8.0.

You can use '--warning-mode all' to show the individual deprecation warnings and determine if they come from your own scripts or plugins.

See https://docs.gradle.org/7.6.2/userguide/command_line_interface.html#sec:command_line_warnings

BUILD FAILED in 2s
4 actionable tasks: 1 executed, 3 up-to-date
